<?xml version="1.0" encoding="UTF-8"?>
<!-- Generated by org.testng.reporters.JUnitXMLReporter -->
<testsuite hostname="in-suhailma-1" ignored="0" name="Free CRM test cases" tests="2" failures="0" timestamp="03 Oct 2018 10:34:30 GMT" time="38.935" errors="0">
  <testcase name="selectMultipleContactsNameTest" time="0.267" classname="com.crm.qa.tests.ContactsPageTest"/>
  <testcase name="loginPageTitleTest" time="0.052" classname="com.crm.qa.tests.LoginPageTest"/>
</testsuite> <!-- Free CRM test cases -->
