<?xml version="1.0" encoding="UTF-8"?>
<!-- Generated by org.testng.reporters.JUnitXMLReporter -->
<testsuite hostname="in-suhailma-1" ignored="3" name="Default test" tests="3" failures="0" timestamp="04 Oct 2018 10:05:36 GMT" time="81.181" errors="0">
  <testcase name="validateCreateNewContactTest" time="4.701" classname="com.crm.qa.tests.ContactsPageTest"/>
  <testcase name="validateCreateNewContactTest" time="4.935" classname="com.crm.qa.tests.ContactsPageTest"/>
  <testcase name="validateCreateNewContactTest" time="4.806" classname="com.crm.qa.tests.ContactsPageTest"/>
  <testcase name="verifyContactsPageLabelTest" time="0.0" classname="com.crm.qa.tests.ContactsPageTest">
    <ignored/>
  </testcase> <!-- verifyContactsPageLabelTest -->
  <testcase name="selectSingleContactsNameTest" time="0.0" classname="com.crm.qa.tests.ContactsPageTest">
    <ignored/>
  </testcase> <!-- selectSingleContactsNameTest -->
  <testcase name="selectMultipleContactsNameTest" time="0.0" classname="com.crm.qa.tests.ContactsPageTest">
    <ignored/>
  </testcase> <!-- selectMultipleContactsNameTest -->
</testsuite> <!-- Default test -->
