<?xml version="1.0" encoding="UTF-8"?>
<!-- Generated by org.testng.reporters.JUnitXMLReporter -->
<testsuite hostname="in-suhailma-1" ignored="0" name="Test" tests="6" failures="0" timestamp="03 Oct 2018 04:10:41 GMT" time="82.902" errors="0">
  <testcase name="loginPageTitleTest" time="0.047" classname="com.crm.qa.tests.LoginPageTest"/>
  <testcase name="verifyHomepageTitleTest" time="0.014" classname="com.crm.qa.tests.HomePageTest"/>
  <testcase name="crmLogoImageTest" time="0.086" classname="com.crm.qa.tests.LoginPageTest"/>
  <testcase name="verifyUserNameTest" time="0.23" classname="com.crm.qa.tests.HomePageTest"/>
  <testcase name="loginTest" time="7.3" classname="com.crm.qa.tests.LoginPageTest"/>
  <testcase name="verifyContactsLinkTest" time="1.161" classname="com.crm.qa.tests.HomePageTest"/>
</testsuite> <!-- Test -->
