<?xml version="1.0" encoding="UTF-8"?>
<testng-results skipped="0" failed="0" ignored="3" total="6" passed="3">
  <reporter-output>
  </reporter-output>
  <suite name="Default suite" duration-ms="81181" started-at="2018-10-04T10:04:14Z" finished-at="2018-10-04T10:05:36Z">
    <groups>
    </groups>
    <test name="Default test" duration-ms="81181" started-at="2018-10-04T10:04:14Z" finished-at="2018-10-04T10:05:36Z">
      <class name="com.crm.qa.tests.ContactsPageTest">
        <test-method status="PASS" signature="setUp()[pri:0, instance:com.crm.qa.tests.ContactsPageTest@5622fdf]" name="setUp" is-config="true" duration-ms="25936" started-at="2018-10-04T10:04:16Z" finished-at="2018-10-04T10:04:42Z">
          <reporter-output>
          </reporter-output>
        </test-method> <!-- setUp -->
        <test-method status="PASS" signature="validateCreateNewContactTest(java.lang.String, java.lang.String, java.lang.String, java.lang.String)[pri:0, instance:com.crm.qa.tests.ContactsPageTest@5622fdf]" name="validateCreateNewContactTest" duration-ms="4701" started-at="2018-10-04T10:04:42Z" data-provider="getCRMTestData" finished-at="2018-10-04T10:04:47Z">
          <params>
            <param index="0">
              <value>
                <![CDATA[Mr.]]>
              </value>
            </param>
            <param index="1">
              <value>
                <![CDATA[Tom]]>
              </value>
            </param>
            <param index="2">
              <value>
                <![CDATA[Pete]]>
              </value>
            </param>
            <param index="3">
              <value>
                <![CDATA[Google]]>
              </value>
            </param>
          </params>
          <reporter-output>
          </reporter-output>
        </test-method> <!-- validateCreateNewContactTest -->
        <test-method status="PASS" signature="tearDown()[pri:0, instance:com.crm.qa.tests.ContactsPageTest@5622fdf]" name="tearDown" is-config="true" duration-ms="733" started-at="2018-10-04T10:04:47Z" finished-at="2018-10-04T10:04:48Z">
          <reporter-output>
          </reporter-output>
        </test-method> <!-- tearDown -->
        <test-method status="PASS" signature="setUp()[pri:0, instance:com.crm.qa.tests.ContactsPageTest@5622fdf]" name="setUp" is-config="true" duration-ms="17431" started-at="2018-10-04T10:04:48Z" finished-at="2018-10-04T10:05:05Z">
          <reporter-output>
          </reporter-output>
        </test-method> <!-- setUp -->
        <test-method status="PASS" signature="validateCreateNewContactTest(java.lang.String, java.lang.String, java.lang.String, java.lang.String)[pri:0, instance:com.crm.qa.tests.ContactsPageTest@5622fdf]" name="validateCreateNewContactTest" duration-ms="4935" started-at="2018-10-04T10:05:05Z" data-provider="getCRMTestData" finished-at="2018-10-04T10:05:10Z">
          <params>
            <param index="0">
              <value>
                <![CDATA[Dr.]]>
              </value>
            </param>
            <param index="1">
              <value>
                <![CDATA[David]]>
              </value>
            </param>
            <param index="2">
              <value>
                <![CDATA[Cris]]>
              </value>
            </param>
            <param index="3">
              <value>
                <![CDATA[Amazon]]>
              </value>
            </param>
          </params>
          <reporter-output>
          </reporter-output>
        </test-method> <!-- validateCreateNewContactTest -->
        <test-method status="PASS" signature="tearDown()[pri:0, instance:com.crm.qa.tests.ContactsPageTest@5622fdf]" name="tearDown" is-config="true" duration-ms="693" started-at="2018-10-04T10:05:10Z" finished-at="2018-10-04T10:05:11Z">
          <reporter-output>
          </reporter-output>
        </test-method> <!-- tearDown -->
        <test-method status="PASS" signature="setUp()[pri:0, instance:com.crm.qa.tests.ContactsPageTest@5622fdf]" name="setUp" is-config="true" duration-ms="18939" started-at="2018-10-04T10:05:11Z" finished-at="2018-10-04T10:05:30Z">
          <reporter-output>
          </reporter-output>
        </test-method> <!-- setUp -->
        <test-method status="PASS" signature="validateCreateNewContactTest(java.lang.String, java.lang.String, java.lang.String, java.lang.String)[pri:0, instance:com.crm.qa.tests.ContactsPageTest@5622fdf]" name="validateCreateNewContactTest" duration-ms="4806" started-at="2018-10-04T10:05:30Z" data-provider="getCRMTestData" finished-at="2018-10-04T10:05:35Z">
          <params>
            <param index="0">
              <value>
                <![CDATA[Mrs.]]>
              </value>
            </param>
            <param index="1">
              <value>
                <![CDATA[Zoya]]>
              </value>
            </param>
            <param index="2">
              <value>
                <![CDATA[Sadaf]]>
              </value>
            </param>
            <param index="3">
              <value>
                <![CDATA[Microsoft]]>
              </value>
            </param>
          </params>
          <reporter-output>
          </reporter-output>
        </test-method> <!-- validateCreateNewContactTest -->
        <test-method status="PASS" signature="tearDown()[pri:0, instance:com.crm.qa.tests.ContactsPageTest@5622fdf]" name="tearDown" is-config="true" duration-ms="850" started-at="2018-10-04T10:05:35Z" finished-at="2018-10-04T10:05:36Z">
          <reporter-output>
          </reporter-output>
        </test-method> <!-- tearDown -->
      </class> <!-- com.crm.qa.tests.ContactsPageTest -->
    </test> <!-- Default test -->
  </suite> <!-- Default suite -->
</testng-results>
